<?xml version="1.0" encoding="UTF-8"?>
<testsuite xmlns:xsi="http://www.w3.org/2001/XMLSchema-instance" xsi:noNamespaceSchemaLocation="https://maven.apache.org/surefire/maven-surefire-plugin/xsd/surefire-test-report.xsd" name="com.alibaba.csp.sentinel.dashboard.repository.metric.InMemoryMetricsRepositoryTest" time="0.448" tests="2" errors="0" skipped="0" failures="0">
  <properties>
    <property name="gopherProxySet" value="false"/>
    <property name="awt.toolkit" value="sun.lwawt.macosx.LWCToolkit"/>
    <property name="file.encoding.pkg" value="sun.io"/>
    <property name="java.specification.version" value="1.8"/>
    <property name="sun.cpu.isalist" value=""/>
    <property name="sun.jnu.encoding" value="UTF-8"/>
    <property name="java.class.path" value="/Users/sixj/mvnrepository/org/apache/maven/surefire/surefire-booter/2.22.1/surefire-booter-2.22.1.jar:/Users/sixj/mvnrepository/org/apache/maven/surefire/surefire-api/2.22.1/surefire-api-2.22.1.jar:/Users/sixj/mvnrepository/org/apache/maven/surefire/surefire-logger-api/2.22.1/surefire-logger-api-2.22.1.jar:/Users/sixj/Desktop/Idea_Project/microservice-samples/microservice-sentinel/sentinel-dashboard/target/test-classes:/Users/sixj/Desktop/Idea_Project/microservice-samples/microservice-sentinel/sentinel-dashboard/target/classes:/Users/sixj/mvnrepository/com/alibaba/csp/sentinel-core/1.6.2/sentinel-core-1.6.2.jar:/Users/sixj/mvnrepository/com/alibaba/csp/sentinel-web-servlet/1.6.2/sentinel-web-servlet-1.6.2.jar:/Users/sixj/mvnrepository/com/alibaba/csp/sentinel-transport-simple-http/1.6.2/sentinel-transport-simple-http-1.6.2.jar:/Users/sixj/mvnrepository/com/alibaba/csp/sentinel-transport-common/1.6.2/sentinel-transport-common-1.6.2.jar:/Users/sixj/mvnrepository/com/alibaba/csp/sentinel-parameter-flow-control/1.6.2/sentinel-parameter-flow-control-1.6.2.jar:/Users/sixj/mvnrepository/com/googlecode/concurrentlinkedhashmap/concurrentlinkedhashmap-lru/1.4.2/concurrentlinkedhashmap-lru-1.4.2.jar:/Users/sixj/mvnrepository/org/springframework/boot/spring-boot-starter-web/2.0.5.RELEASE/spring-boot-starter-web-2.0.5.RELEASE.jar:/Users/sixj/mvnrepository/org/springframework/boot/spring-boot-starter/2.0.5.RELEASE/spring-boot-starter-2.0.5.RELEASE.jar:/Users/sixj/mvnrepository/org/springframework/boot/spring-boot/2.0.5.RELEASE/spring-boot-2.0.5.RELEASE.jar:/Users/sixj/mvnrepository/org/springframework/boot/spring-boot-autoconfigure/2.0.5.RELEASE/spring-boot-autoconfigure-2.0.5.RELEASE.jar:/Users/sixj/mvnrepository/javax/annotation/javax.annotation-api/1.3.2/javax.annotation-api-1.3.2.jar:/Users/sixj/mvnrepository/org/yaml/snakeyaml/1.19/snakeyaml-1.19.jar:/Users/sixj/mvnrepository/org/springframework/boot/spring-boot-starter-json/2.0.5.RELEASE/spring-boot-starter-json-2.0.5.RELEASE.jar:/Users/sixj/mvnrepository/com/fasterxml/jackson/core/jackson-databind/2.9.6/jackson-databind-2.9.6.jar:/Users/sixj/mvnrepository/com/fasterxml/jackson/core/jackson-annotations/2.9.0/jackson-annotations-2.9.0.jar:/Users/sixj/mvnrepository/com/fasterxml/jackson/datatype/jackson-datatype-jdk8/2.9.6/jackson-datatype-jdk8-2.9.6.jar:/Users/sixj/mvnrepository/com/fasterxml/jackson/datatype/jackson-datatype-jsr310/2.9.6/jackson-datatype-jsr310-2.9.6.jar:/Users/sixj/mvnrepository/com/fasterxml/jackson/module/jackson-module-parameter-names/2.9.6/jackson-module-parameter-names-2.9.6.jar:/Users/sixj/mvnrepository/org/springframework/boot/spring-boot-starter-tomcat/2.0.5.RELEASE/spring-boot-starter-tomcat-2.0.5.RELEASE.jar:/Users/sixj/mvnrepository/org/apache/tomcat/embed/tomcat-embed-core/8.5.34/tomcat-embed-core-8.5.34.jar:/Users/sixj/mvnrepository/org/apache/tomcat/embed/tomcat-embed-el/8.5.34/tomcat-embed-el-8.5.34.jar:/Users/sixj/mvnrepository/org/apache/tomcat/embed/tomcat-embed-websocket/8.5.34/tomcat-embed-websocket-8.5.34.jar:/Users/sixj/mvnrepository/org/hibernate/validator/hibernate-validator/6.0.12.Final/hibernate-validator-6.0.12.Final.jar:/Users/sixj/mvnrepository/javax/validation/validation-api/2.0.1.Final/validation-api-2.0.1.Final.jar:/Users/sixj/mvnrepository/org/jboss/logging/jboss-logging/3.3.2.Final/jboss-logging-3.3.2.Final.jar:/Users/sixj/mvnrepository/com/fasterxml/classmate/1.3.4/classmate-1.3.4.jar:/Users/sixj/mvnrepository/org/springframework/spring-web/5.0.9.RELEASE/spring-web-5.0.9.RELEASE.jar:/Users/sixj/mvnrepository/org/springframework/spring-beans/5.0.9.RELEASE/spring-beans-5.0.9.RELEASE.jar:/Users/sixj/mvnrepository/org/springframework/spring-webmvc/5.0.9.RELEASE/spring-webmvc-5.0.9.RELEASE.jar:/Users/sixj/mvnrepository/org/springframework/spring-aop/5.0.9.RELEASE/spring-aop-5.0.9.RELEASE.jar:/Users/sixj/mvnrepository/org/springframework/spring-context/5.0.9.RELEASE/spring-context-5.0.9.RELEASE.jar:/Users/sixj/mvnrepository/org/springframework/spring-expression/5.0.9.RELEASE/spring-expression-5.0.9.RELEASE.jar:/Users/sixj/mvnrepository/org/springframework/boot/spring-boot-starter-logging/2.0.5.RELEASE/spring-boot-starter-logging-2.0.5.RELEASE.jar:/Users/sixj/mvnrepository/ch/qos/logback/logback-classic/1.2.3/logback-classic-1.2.3.jar:/Users/sixj/mvnrepository/ch/qos/logback/logback-core/1.2.3/logback-core-1.2.3.jar:/Users/sixj/mvnrepository/org/slf4j/slf4j-api/1.7.25/slf4j-api-1.7.25.jar:/Users/sixj/mvnrepository/org/apache/logging/log4j/log4j-to-slf4j/2.10.0/log4j-to-slf4j-2.10.0.jar:/Users/sixj/mvnrepository/org/apache/logging/log4j/log4j-api/2.10.0/log4j-api-2.10.0.jar:/Users/sixj/mvnrepository/org/slf4j/jul-to-slf4j/1.7.25/jul-to-slf4j-1.7.25.jar:/Users/sixj/mvnrepository/org/springframework/boot/spring-boot-starter-test/2.0.5.RELEASE/spring-boot-starter-test-2.0.5.RELEASE.jar:/Users/sixj/mvnrepository/org/springframework/boot/spring-boot-test/2.0.5.RELEASE/spring-boot-test-2.0.5.RELEASE.jar:/Users/sixj/mvnrepository/org/springframework/boot/spring-boot-test-autoconfigure/2.0.5.RELEASE/spring-boot-test-autoconfigure-2.0.5.RELEASE.jar:/Users/sixj/mvnrepository/com/jayway/jsonpath/json-path/2.4.0/json-path-2.4.0.jar:/Users/sixj/mvnrepository/net/minidev/json-smart/2.3/json-smart-2.3.jar:/Users/sixj/mvnrepository/net/minidev/accessors-smart/1.2/accessors-smart-1.2.jar:/Users/sixj/mvnrepository/org/ow2/asm/asm/5.0.4/asm-5.0.4.jar:/Users/sixj/mvnrepository/org/assertj/assertj-core/3.12.1/assertj-core-3.12.1.jar:/Users/sixj/mvnrepository/org/hamcrest/hamcrest-core/1.3/hamcrest-core-1.3.jar:/Users/sixj/mvnrepository/org/hamcrest/hamcrest-library/1.3/hamcrest-library-1.3.jar:/Users/sixj/mvnrepository/org/skyscreamer/jsonassert/1.5.0/jsonassert-1.5.0.jar:/Users/sixj/mvnrepository/com/vaadin/external/google/android-json/0.0.20131108.vaadin1/android-json-0.0.20131108.vaadin1.jar:/Users/sixj/mvnrepository/org/springframework/spring-core/5.0.9.RELEASE/spring-core-5.0.9.RELEASE.jar:/Users/sixj/mvnrepository/org/springframework/spring-jcl/5.0.9.RELEASE/spring-jcl-5.0.9.RELEASE.jar:/Users/sixj/mvnrepository/org/springframework/spring-test/5.0.9.RELEASE/spring-test-5.0.9.RELEASE.jar:/Users/sixj/mvnrepository/org/xmlunit/xmlunit-core/2.5.1/xmlunit-core-2.5.1.jar:/Users/sixj/mvnrepository/log4j/log4j/1.2.14/log4j-1.2.14.jar:/Users/sixj/mvnrepository/commons-lang/commons-lang/2.6/commons-lang-2.6.jar:/Users/sixj/mvnrepository/org/apache/httpcomponents/httpclient/4.5.3/httpclient-4.5.3.jar:/Users/sixj/mvnrepository/commons-logging/commons-logging/1.2/commons-logging-1.2.jar:/Users/sixj/mvnrepository/commons-codec/commons-codec/1.9/commons-codec-1.9.jar:/Users/sixj/mvnrepository/org/apache/httpcomponents/httpcore/4.4.5/httpcore-4.4.5.jar:/Users/sixj/mvnrepository/org/apache/httpcomponents/httpasyncclient/4.1.3/httpasyncclient-4.1.3.jar:/Users/sixj/mvnrepository/org/apache/httpcomponents/httpcore-nio/4.4.6/httpcore-nio-4.4.6.jar:/Users/sixj/mvnrepository/com/alibaba/fastjson/1.2.56/fastjson-1.2.56.jar:/Users/sixj/mvnrepository/com/alibaba/csp/sentinel-datasource-nacos/1.6.2/sentinel-datasource-nacos-1.6.2.jar:/Users/sixj/mvnrepository/com/alibaba/csp/sentinel-datasource-extension/1.6.2/sentinel-datasource-extension-1.6.2.jar:/Users/sixj/mvnrepository/com/alibaba/nacos/nacos-client/1.0.0/nacos-client-1.0.0.jar:/Users/sixj/mvnrepository/com/alibaba/nacos/nacos-common/1.0.0/nacos-common-1.0.0.jar:/Users/sixj/mvnrepository/commons-io/commons-io/2.2/commons-io-2.2.jar:/Users/sixj/mvnrepository/org/apache/commons/commons-lang3/3.4/commons-lang3-3.4.jar:/Users/sixj/mvnrepository/com/alibaba/nacos/nacos-api/1.0.0/nacos-api-1.0.0.jar:/Users/sixj/mvnrepository/com/google/guava/guava/19.0/guava-19.0.jar:/Users/sixj/mvnrepository/com/fasterxml/jackson/core/jackson-core/2.9.8/jackson-core-2.9.8.jar:/Users/sixj/mvnrepository/io/prometheus/simpleclient/0.5.0/simpleclient-0.5.0.jar:/Users/sixj/mvnrepository/com/ctrip/framework/apollo/apollo-openapi/1.2.0/apollo-openapi-1.2.0.jar:/Users/sixj/mvnrepository/com/ctrip/framework/apollo/apollo-core/1.2.0/apollo-core-1.2.0.jar:/Users/sixj/mvnrepository/com/google/code/gson/gson/2.8.0/gson-2.8.0.jar:/Users/sixj/mvnrepository/org/slf4j/jcl-over-slf4j/1.7.25/jcl-over-slf4j-1.7.25.jar:/Users/sixj/mvnrepository/org/apache/curator/curator-recipes/4.0.1/curator-recipes-4.0.1.jar:/Users/sixj/mvnrepository/org/apache/curator/curator-framework/4.0.1/curator-framework-4.0.1.jar:/Users/sixj/mvnrepository/org/apache/curator/curator-client/4.0.1/curator-client-4.0.1.jar:/Users/sixj/mvnrepository/org/apache/zookeeper/zookeeper/3.5.3-beta/zookeeper-3.5.3-beta.jar:/Users/sixj/mvnrepository/commons-cli/commons-cli/1.2/commons-cli-1.2.jar:/Users/sixj/mvnrepository/io/netty/netty/3.10.5.Final/netty-3.10.5.Final.jar:/Users/sixj/mvnrepository/junit/junit/4.12/junit-4.12.jar:/Users/sixj/mvnrepository/org/mockito/mockito-core/2.21.0/mockito-core-2.21.0.jar:/Users/sixj/mvnrepository/net/bytebuddy/byte-buddy/1.8.15/byte-buddy-1.8.15.jar:/Users/sixj/mvnrepository/net/bytebuddy/byte-buddy-agent/1.8.15/byte-buddy-agent-1.8.15.jar:/Users/sixj/mvnrepository/org/objenesis/objenesis/2.6/objenesis-2.6.jar:/Users/sixj/mvnrepository/com/github/stefanbirkner/system-rules/1.16.1/system-rules-1.16.1.jar:/Users/sixj/mvnrepository/org/apache/maven/surefire/surefire-junit4/2.22.1/surefire-junit4-2.22.1.jar:/Users/sixj/mvnrepository/org/jacoco/org.jacoco.agent/0.8.3/org.jacoco.agent-0.8.3-runtime.jar"/>
    <property name="java.vm.vendor" value="Oracle Corporation"/>
    <property name="sun.arch.data.model" value="64"/>
    <property name="java.vendor.url" value="http://java.oracle.com/"/>
    <property name="user.timezone" value=""/>
    <property name="java.vm.specification.version" value="1.8"/>
    <property name="os.name" value="Mac OS X"/>
    <property name="user.country" value="CN"/>
    <property name="sun.java.launcher" value="SUN_STANDARD"/>
    <property name="sun.boot.library.path" value="/Library/Java/JavaVirtualMachines/jdk1.8.0_181.jdk/Contents/Home/jre/lib"/>
    <property name="sun.java.command" value="org.apache.maven.surefire.booter.ForkedBooter /Users/sixj/Desktop/Idea_Project/microservice-samples/microservice-sentinel/sentinel-dashboard/target/surefire 2020-07-07T16-34-17_982-jvmRun1 surefire1067840342227753365tmp surefire_03730540878622795218tmp"/>
    <property name="http.nonProxyHosts" value="local|*.local|169.254/16|*.169.254/16"/>
    <property name="surefire.test.class.path" value="/Users/sixj/Desktop/Idea_Project/microservice-samples/microservice-sentinel/sentinel-dashboard/target/test-classes:/Users/sixj/Desktop/Idea_Project/microservice-samples/microservice-sentinel/sentinel-dashboard/target/classes:/Users/sixj/mvnrepository/com/alibaba/csp/sentinel-core/1.6.2/sentinel-core-1.6.2.jar:/Users/sixj/mvnrepository/com/alibaba/csp/sentinel-web-servlet/1.6.2/sentinel-web-servlet-1.6.2.jar:/Users/sixj/mvnrepository/com/alibaba/csp/sentinel-transport-simple-http/1.6.2/sentinel-transport-simple-http-1.6.2.jar:/Users/sixj/mvnrepository/com/alibaba/csp/sentinel-transport-common/1.6.2/sentinel-transport-common-1.6.2.jar:/Users/sixj/mvnrepository/com/alibaba/csp/sentinel-parameter-flow-control/1.6.2/sentinel-parameter-flow-control-1.6.2.jar:/Users/sixj/mvnrepository/com/googlecode/concurrentlinkedhashmap/concurrentlinkedhashmap-lru/1.4.2/concurrentlinkedhashmap-lru-1.4.2.jar:/Users/sixj/mvnrepository/org/springframework/boot/spring-boot-starter-web/2.0.5.RELEASE/spring-boot-starter-web-2.0.5.RELEASE.jar:/Users/sixj/mvnrepository/org/springframework/boot/spring-boot-starter/2.0.5.RELEASE/spring-boot-starter-2.0.5.RELEASE.jar:/Users/sixj/mvnrepository/org/springframework/boot/spring-boot/2.0.5.RELEASE/spring-boot-2.0.5.RELEASE.jar:/Users/sixj/mvnrepository/org/springframework/boot/spring-boot-autoconfigure/2.0.5.RELEASE/spring-boot-autoconfigure-2.0.5.RELEASE.jar:/Users/sixj/mvnrepository/javax/annotation/javax.annotation-api/1.3.2/javax.annotation-api-1.3.2.jar:/Users/sixj/mvnrepository/org/yaml/snakeyaml/1.19/snakeyaml-1.19.jar:/Users/sixj/mvnrepository/org/springframework/boot/spring-boot-starter-json/2.0.5.RELEASE/spring-boot-starter-json-2.0.5.RELEASE.jar:/Users/sixj/mvnrepository/com/fasterxml/jackson/core/jackson-databind/2.9.6/jackson-databind-2.9.6.jar:/Users/sixj/mvnrepository/com/fasterxml/jackson/core/jackson-annotations/2.9.0/jackson-annotations-2.9.0.jar:/Users/sixj/mvnrepository/com/fasterxml/jackson/datatype/jackson-datatype-jdk8/2.9.6/jackson-datatype-jdk8-2.9.6.jar:/Users/sixj/mvnrepository/com/fasterxml/jackson/datatype/jackson-datatype-jsr310/2.9.6/jackson-datatype-jsr310-2.9.6.jar:/Users/sixj/mvnrepository/com/fasterxml/jackson/module/jackson-module-parameter-names/2.9.6/jackson-module-parameter-names-2.9.6.jar:/Users/sixj/mvnrepository/org/springframework/boot/spring-boot-starter-tomcat/2.0.5.RELEASE/spring-boot-starter-tomcat-2.0.5.RELEASE.jar:/Users/sixj/mvnrepository/org/apache/tomcat/embed/tomcat-embed-core/8.5.34/tomcat-embed-core-8.5.34.jar:/Users/sixj/mvnrepository/org/apache/tomcat/embed/tomcat-embed-el/8.5.34/tomcat-embed-el-8.5.34.jar:/Users/sixj/mvnrepository/org/apache/tomcat/embed/tomcat-embed-websocket/8.5.34/tomcat-embed-websocket-8.5.34.jar:/Users/sixj/mvnrepository/org/hibernate/validator/hibernate-validator/6.0.12.Final/hibernate-validator-6.0.12.Final.jar:/Users/sixj/mvnrepository/javax/validation/validation-api/2.0.1.Final/validation-api-2.0.1.Final.jar:/Users/sixj/mvnrepository/org/jboss/logging/jboss-logging/3.3.2.Final/jboss-logging-3.3.2.Final.jar:/Users/sixj/mvnrepository/com/fasterxml/classmate/1.3.4/classmate-1.3.4.jar:/Users/sixj/mvnrepository/org/springframework/spring-web/5.0.9.RELEASE/spring-web-5.0.9.RELEASE.jar:/Users/sixj/mvnrepository/org/springframework/spring-beans/5.0.9.RELEASE/spring-beans-5.0.9.RELEASE.jar:/Users/sixj/mvnrepository/org/springframework/spring-webmvc/5.0.9.RELEASE/spring-webmvc-5.0.9.RELEASE.jar:/Users/sixj/mvnrepository/org/springframework/spring-aop/5.0.9.RELEASE/spring-aop-5.0.9.RELEASE.jar:/Users/sixj/mvnrepository/org/springframework/spring-context/5.0.9.RELEASE/spring-context-5.0.9.RELEASE.jar:/Users/sixj/mvnrepository/org/springframework/spring-expression/5.0.9.RELEASE/spring-expression-5.0.9.RELEASE.jar:/Users/sixj/mvnrepository/org/springframework/boot/spring-boot-starter-logging/2.0.5.RELEASE/spring-boot-starter-logging-2.0.5.RELEASE.jar:/Users/sixj/mvnrepository/ch/qos/logback/logback-classic/1.2.3/logback-classic-1.2.3.jar:/Users/sixj/mvnrepository/ch/qos/logback/logback-core/1.2.3/logback-core-1.2.3.jar:/Users/sixj/mvnrepository/org/slf4j/slf4j-api/1.7.25/slf4j-api-1.7.25.jar:/Users/sixj/mvnrepository/org/apache/logging/log4j/log4j-to-slf4j/2.10.0/log4j-to-slf4j-2.10.0.jar:/Users/sixj/mvnrepository/org/apache/logging/log4j/log4j-api/2.10.0/log4j-api-2.10.0.jar:/Users/sixj/mvnrepository/org/slf4j/jul-to-slf4j/1.7.25/jul-to-slf4j-1.7.25.jar:/Users/sixj/mvnrepository/org/springframework/boot/spring-boot-starter-test/2.0.5.RELEASE/spring-boot-starter-test-2.0.5.RELEASE.jar:/Users/sixj/mvnrepository/org/springframework/boot/spring-boot-test/2.0.5.RELEASE/spring-boot-test-2.0.5.RELEASE.jar:/Users/sixj/mvnrepository/org/springframework/boot/spring-boot-test-autoconfigure/2.0.5.RELEASE/spring-boot-test-autoconfigure-2.0.5.RELEASE.jar:/Users/sixj/mvnrepository/com/jayway/jsonpath/json-path/2.4.0/json-path-2.4.0.jar:/Users/sixj/mvnrepository/net/minidev/json-smart/2.3/json-smart-2.3.jar:/Users/sixj/mvnrepository/net/minidev/accessors-smart/1.2/accessors-smart-1.2.jar:/Users/sixj/mvnrepository/org/ow2/asm/asm/5.0.4/asm-5.0.4.jar:/Users/sixj/mvnrepository/org/assertj/assertj-core/3.12.1/assertj-core-3.12.1.jar:/Users/sixj/mvnrepository/org/hamcrest/hamcrest-core/1.3/hamcrest-core-1.3.jar:/Users/sixj/mvnrepository/org/hamcrest/hamcrest-library/1.3/hamcrest-library-1.3.jar:/Users/sixj/mvnrepository/org/skyscreamer/jsonassert/1.5.0/jsonassert-1.5.0.jar:/Users/sixj/mvnrepository/com/vaadin/external/google/android-json/0.0.20131108.vaadin1/android-json-0.0.20131108.vaadin1.jar:/Users/sixj/mvnrepository/org/springframework/spring-core/5.0.9.RELEASE/spring-core-5.0.9.RELEASE.jar:/Users/sixj/mvnrepository/org/springframework/spring-jcl/5.0.9.RELEASE/spring-jcl-5.0.9.RELEASE.jar:/Users/sixj/mvnrepository/org/springframework/spring-test/5.0.9.RELEASE/spring-test-5.0.9.RELEASE.jar:/Users/sixj/mvnrepository/org/xmlunit/xmlunit-core/2.5.1/xmlunit-core-2.5.1.jar:/Users/sixj/mvnrepository/log4j/log4j/1.2.14/log4j-1.2.14.jar:/Users/sixj/mvnrepository/commons-lang/commons-lang/2.6/commons-lang-2.6.jar:/Users/sixj/mvnrepository/org/apache/httpcomponents/httpclient/4.5.3/httpclient-4.5.3.jar:/Users/sixj/mvnrepository/commons-logging/commons-logging/1.2/commons-logging-1.2.jar:/Users/sixj/mvnrepository/commons-codec/commons-codec/1.9/commons-codec-1.9.jar:/Users/sixj/mvnrepository/org/apache/httpcomponents/httpcore/4.4.5/httpcore-4.4.5.jar:/Users/sixj/mvnrepository/org/apache/httpcomponents/httpasyncclient/4.1.3/httpasyncclient-4.1.3.jar:/Users/sixj/mvnrepository/org/apache/httpcomponents/httpcore-nio/4.4.6/httpcore-nio-4.4.6.jar:/Users/sixj/mvnrepository/com/alibaba/fastjson/1.2.56/fastjson-1.2.56.jar:/Users/sixj/mvnrepository/com/alibaba/csp/sentinel-datasource-nacos/1.6.2/sentinel-datasource-nacos-1.6.2.jar:/Users/sixj/mvnrepository/com/alibaba/csp/sentinel-datasource-extension/1.6.2/sentinel-datasource-extension-1.6.2.jar:/Users/sixj/mvnrepository/com/alibaba/nacos/nacos-client/1.0.0/nacos-client-1.0.0.jar:/Users/sixj/mvnrepository/com/alibaba/nacos/nacos-common/1.0.0/nacos-common-1.0.0.jar:/Users/sixj/mvnrepository/commons-io/commons-io/2.2/commons-io-2.2.jar:/Users/sixj/mvnrepository/org/apache/commons/commons-lang3/3.4/commons-lang3-3.4.jar:/Users/sixj/mvnrepository/com/alibaba/nacos/nacos-api/1.0.0/nacos-api-1.0.0.jar:/Users/sixj/mvnrepository/com/google/guava/guava/19.0/guava-19.0.jar:/Users/sixj/mvnrepository/com/fasterxml/jackson/core/jackson-core/2.9.8/jackson-core-2.9.8.jar:/Users/sixj/mvnrepository/io/prometheus/simpleclient/0.5.0/simpleclient-0.5.0.jar:/Users/sixj/mvnrepository/com/ctrip/framework/apollo/apollo-openapi/1.2.0/apollo-openapi-1.2.0.jar:/Users/sixj/mvnrepository/com/ctrip/framework/apollo/apollo-core/1.2.0/apollo-core-1.2.0.jar:/Users/sixj/mvnrepository/com/google/code/gson/gson/2.8.0/gson-2.8.0.jar:/Users/sixj/mvnrepository/org/slf4j/jcl-over-slf4j/1.7.25/jcl-over-slf4j-1.7.25.jar:/Users/sixj/mvnrepository/org/apache/curator/curator-recipes/4.0.1/curator-recipes-4.0.1.jar:/Users/sixj/mvnrepository/org/apache/curator/curator-framework/4.0.1/curator-framework-4.0.1.jar:/Users/sixj/mvnrepository/org/apache/curator/curator-client/4.0.1/curator-client-4.0.1.jar:/Users/sixj/mvnrepository/org/apache/zookeeper/zookeeper/3.5.3-beta/zookeeper-3.5.3-beta.jar:/Users/sixj/mvnrepository/commons-cli/commons-cli/1.2/commons-cli-1.2.jar:/Users/sixj/mvnrepository/io/netty/netty/3.10.5.Final/netty-3.10.5.Final.jar:/Users/sixj/mvnrepository/junit/junit/4.12/junit-4.12.jar:/Users/sixj/mvnrepository/org/mockito/mockito-core/2.21.0/mockito-core-2.21.0.jar:/Users/sixj/mvnrepository/net/bytebuddy/byte-buddy/1.8.15/byte-buddy-1.8.15.jar:/Users/sixj/mvnrepository/net/bytebuddy/byte-buddy-agent/1.8.15/byte-buddy-agent-1.8.15.jar:/Users/sixj/mvnrepository/org/objenesis/objenesis/2.6/objenesis-2.6.jar:/Users/sixj/mvnrepository/com/github/stefanbirkner/system-rules/1.16.1/system-rules-1.16.1.jar:"/>
    <property name="sun.cpu.endian" value="little"/>
    <property name="user.home" value="/Users/sixj"/>
    <property name="user.language" value="zh"/>
    <property name="java.specification.vendor" value="Oracle Corporation"/>
    <property name="java.home" value="/Library/Java/JavaVirtualMachines/jdk1.8.0_181.jdk/Contents/Home/jre"/>
    <property name="basedir" value="/Users/sixj/Desktop/Idea_Project/microservice-samples/microservice-sentinel/sentinel-dashboard"/>
    <property name="file.separator" value="/"/>
    <property name="line.separator" value="&#10;"/>
    <property name="java.vm.specification.vendor" value="Oracle Corporation"/>
    <property name="java.specification.name" value="Java Platform API Specification"/>
    <property name="java.awt.graphicsenv" value="sun.awt.CGraphicsEnvironment"/>
    <property name="sun.boot.class.path" value="/Library/Java/JavaVirtualMachines/jdk1.8.0_181.jdk/Contents/Home/jre/lib/resources.jar:/Library/Java/JavaVirtualMachines/jdk1.8.0_181.jdk/Contents/Home/jre/lib/rt.jar:/Library/Java/JavaVirtualMachines/jdk1.8.0_181.jdk/Contents/Home/jre/lib/sunrsasign.jar:/Library/Java/JavaVirtualMachines/jdk1.8.0_181.jdk/Contents/Home/jre/lib/jsse.jar:/Library/Java/JavaVirtualMachines/jdk1.8.0_181.jdk/Contents/Home/jre/lib/jce.jar:/Library/Java/JavaVirtualMachines/jdk1.8.0_181.jdk/Contents/Home/jre/lib/charsets.jar:/Library/Java/JavaVirtualMachines/jdk1.8.0_181.jdk/Contents/Home/jre/lib/jfr.jar:/Library/Java/JavaVirtualMachines/jdk1.8.0_181.jdk/Contents/Home/jre/classes"/>
    <property name="sun.management.compiler" value="HotSpot 64-Bit Tiered Compilers"/>
    <property name="ftp.nonProxyHosts" value="local|*.local|169.254/16|*.169.254/16"/>
    <property name="java.runtime.version" value="1.8.0_181-b13"/>
    <property name="user.name" value="sixj"/>
    <property name="path.separator" value=":"/>
    <property name="os.version" value="10.15.3"/>
    <property name="java.endorsed.dirs" value="/Library/Java/JavaVirtualMachines/jdk1.8.0_181.jdk/Contents/Home/jre/lib/endorsed"/>
    <property name="java.runtime.name" value="Java(TM) SE Runtime Environment"/>
    <property name="file.encoding" value="UTF-8"/>
    <property name="java.vm.name" value="Java HotSpot(TM) 64-Bit Server VM"/>
    <property name="localRepository" value="/Users/sixj/mvnrepository"/>
    <property name="java.vendor.url.bug" value="http://bugreport.sun.com/bugreport/"/>
    <property name="java.io.tmpdir" value="/var/folders/ns/nb2766r128sgskjkmbfw425m0000gn/T/"/>
    <property name="idea.version" value="2018.1.1"/>
    <property name="java.version" value="1.8.0_181"/>
    <property name="user.dir" value="/Users/sixj/Desktop/Idea_Project/microservice-samples/microservice-sentinel/sentinel-dashboard"/>
    <property name="os.arch" value="x86_64"/>
    <property name="java.vm.specification.name" value="Java Virtual Machine Specification"/>
    <property name="java.awt.printerjob" value="sun.lwawt.macosx.CPrinterJob"/>
    <property name="sun.os.patch.level" value="unknown"/>
    <property name="java.library.path" value="/Users/sixj/Library/Java/Extensions:/Library/Java/Extensions:/Network/Library/Java/Extensions:/System/Library/Java/Extensions:/usr/lib/java:."/>
    <property name="java.vm.info" value="mixed mode"/>
    <property name="java.vendor" value="Oracle Corporation"/>
    <property name="java.vm.version" value="25.181-b13"/>
    <property name="java.ext.dirs" value="/Users/sixj/Library/Java/Extensions:/Library/Java/JavaVirtualMachines/jdk1.8.0_181.jdk/Contents/Home/jre/lib/ext:/Library/Java/Extensions:/Network/Library/Java/Extensions:/System/Library/Java/Extensions:/usr/lib/java"/>
    <property name="sun.io.unicode.encoding" value="UnicodeBig"/>
    <property name="java.class.version" value="52.0"/>
    <property name="socksNonProxyHosts" value="local|*.local|169.254/16|*.169.254/16"/>
  </properties>
  <testcase name="testListResourcesOfApp" classname="com.alibaba.csp.sentinel.dashboard.repository.metric.InMemoryMetricsRepositoryTest" time="0.446"/>
  <testcase name="testExpireMetric" classname="com.alibaba.csp.sentinel.dashboard.repository.metric.InMemoryMetricsRepositoryTest" time="0.002"/>
</testsuite>